  AntiCheatEngine.cpp
  正在生成代码
  Compiler version has changed, fall back to full compilation.
  All 827 functions were compiled because no usable IPDB/IOBJ from previous compilation was found.
  已完成代码的生成
libcurl.lib(asyn-thread.obj) : warning LNK4099: 未找到 PDB“libcurl.pdb”(使用“libcurl.lib(asyn-thread.obj)”或在“I:\对战平台\csgo_full\csgo-crow\CrowAntiCheat\AntiCheatLoader\x64\Release\libcurl.pdb”中寻找)；正在链接对象，如同没有调试信息一样
libcurl.lib(base64.obj) : warning LNK4099: 未找到 PDB“libcurl.pdb”(使用“libcurl.lib(base64.obj)”或在“I:\对战平台\csgo_full\csgo-crow\CrowAntiCheat\AntiCheatLoader\x64\Release\libcurl.pdb”中寻找)；正在链接对象，如同没有调试信息一样
libcurl.lib(connect.obj) : warning LNK4099: 未找到 PDB“libcurl.pdb”(使用“libcurl.lib(connect.obj)”或在“I:\对战平台\csgo_full\csgo-crow\CrowAntiCheat\AntiCheatLoader\x64\Release\libcurl.pdb”中寻找)；正在链接对象，如同没有调试信息一样
libcurl.lib(cookie.obj) : warning LNK4099: 未找到 PDB“libcurl.pdb”(使用“libcurl.lib(cookie.obj)”或在“I:\对战平台\csgo_full\csgo-crow\CrowAntiCheat\AntiCheatLoader\x64\Release\libcurl.pdb”中寻找)；正在链接对象，如同没有调试信息一样
libcurl.lib(curl_addrinfo.obj) : warning LNK4099: 未找到 PDB“libcurl.pdb”(使用“libcurl.lib(curl_addrinfo.obj)”或在“I:\对战平台\csgo_full\csgo-crow\CrowAntiCheat\AntiCheatLoader\x64\Release\libcurl.pdb”中寻找)；正在链接对象，如同没有调试信息一样
libcurl.lib(curl_fnmatch.obj) : warning LNK4099: 未找到 PDB“libcurl.pdb”(使用“libcurl.lib(curl_fnmatch.obj)”或在“I:\对战平台\csgo_full\csgo-crow\CrowAntiCheat\AntiCheatLoader\x64\Release\libcurl.pdb”中寻找)；正在链接对象，如同没有调试信息一样
libcurl.lib(curl_gethostname.obj) : warning LNK4099: 未找到 PDB“libcurl.pdb”(使用“libcurl.lib(curl_gethostname.obj)”或在“I:\对战平台\csgo_full\csgo-crow\CrowAntiCheat\AntiCheatLoader\x64\Release\libcurl.pdb”中寻找)；正在链接对象，如同没有调试信息一样
libcurl.lib(curl_memrchr.obj) : warning LNK4099: 未找到 PDB“libcurl.pdb”(使用“libcurl.lib(curl_memrchr.obj)”或在“I:\对战平台\csgo_full\csgo-crow\CrowAntiCheat\AntiCheatLoader\x64\Release\libcurl.pdb”中寻找)；正在链接对象，如同没有调试信息一样
libcurl.lib(curl_rand.obj) : warning LNK4099: 未找到 PDB“libcurl.pdb”(使用“libcurl.lib(curl_rand.obj)”或在“I:\对战平台\csgo_full\csgo-crow\CrowAntiCheat\AntiCheatLoader\x64\Release\libcurl.pdb”中寻找)；正在链接对象，如同没有调试信息一样
libcurl.lib(curl_threads.obj) : warning LNK4099: 未找到 PDB“libcurl.pdb”(使用“libcurl.lib(curl_threads.obj)”或在“I:\对战平台\csgo_full\csgo-crow\CrowAntiCheat\AntiCheatLoader\x64\Release\libcurl.pdb”中寻找)；正在链接对象，如同没有调试信息一样
libcurl.lib(dict.obj) : warning LNK4099: 未找到 PDB“libcurl.pdb”(使用“libcurl.lib(dict.obj)”或在“I:\对战平台\csgo_full\csgo-crow\CrowAntiCheat\AntiCheatLoader\x64\Release\libcurl.pdb”中寻找)；正在链接对象，如同没有调试信息一样
libcurl.lib(easy.obj) : warning LNK4099: 未找到 PDB“libcurl.pdb”(使用“libcurl.lib(easy.obj)”或在“I:\对战平台\csgo_full\csgo-crow\CrowAntiCheat\AntiCheatLoader\x64\Release\libcurl.pdb”中寻找)；正在链接对象，如同没有调试信息一样
libcurl.lib(escape.obj) : warning LNK4099: 未找到 PDB“libcurl.pdb”(使用“libcurl.lib(escape.obj)”或在“I:\对战平台\csgo_full\csgo-crow\CrowAntiCheat\AntiCheatLoader\x64\Release\libcurl.pdb”中寻找)；正在链接对象，如同没有调试信息一样
libcurl.lib(file.obj) : warning LNK4099: 未找到 PDB“libcurl.pdb”(使用“libcurl.lib(file.obj)”或在“I:\对战平台\csgo_full\csgo-crow\CrowAntiCheat\AntiCheatLoader\x64\Release\libcurl.pdb”中寻找)；正在链接对象，如同没有调试信息一样
libcurl.lib(fileinfo.obj) : warning LNK4099: 未找到 PDB“libcurl.pdb”(使用“libcurl.lib(fileinfo.obj)”或在“I:\对战平台\csgo_full\csgo-crow\CrowAntiCheat\AntiCheatLoader\x64\Release\libcurl.pdb”中寻找)；正在链接对象，如同没有调试信息一样
libcurl.lib(formdata.obj) : warning LNK4099: 未找到 PDB“libcurl.pdb”(使用“libcurl.lib(formdata.obj)”或在“I:\对战平台\csgo_full\csgo-crow\CrowAntiCheat\AntiCheatLoader\x64\Release\libcurl.pdb”中寻找)；正在链接对象，如同没有调试信息一样
libcurl.lib(ftp.obj) : warning LNK4099: 未找到 PDB“libcurl.pdb”(使用“libcurl.lib(ftp.obj)”或在“I:\对战平台\csgo_full\csgo-crow\CrowAntiCheat\AntiCheatLoader\x64\Release\libcurl.pdb”中寻找)；正在链接对象，如同没有调试信息一样
libcurl.lib(ftplistparser.obj) : warning LNK4099: 未找到 PDB“libcurl.pdb”(使用“libcurl.lib(ftplistparser.obj)”或在“I:\对战平台\csgo_full\csgo-crow\CrowAntiCheat\AntiCheatLoader\x64\Release\libcurl.pdb”中寻找)；正在链接对象，如同没有调试信息一样
libcurl.lib(getenv.obj) : warning LNK4099: 未找到 PDB“libcurl.pdb”(使用“libcurl.lib(getenv.obj)”或在“I:\对战平台\csgo_full\csgo-crow\CrowAntiCheat\AntiCheatLoader\x64\Release\libcurl.pdb”中寻找)；正在链接对象，如同没有调试信息一样
libcurl.lib(getinfo.obj) : warning LNK4099: 未找到 PDB“libcurl.pdb”(使用“libcurl.lib(getinfo.obj)”或在“I:\对战平台\csgo_full\csgo-crow\CrowAntiCheat\AntiCheatLoader\x64\Release\libcurl.pdb”中寻找)；正在链接对象，如同没有调试信息一样
libcurl.lib(gopher.obj) : warning LNK4099: 未找到 PDB“libcurl.pdb”(使用“libcurl.lib(gopher.obj)”或在“I:\对战平台\csgo_full\csgo-crow\CrowAntiCheat\AntiCheatLoader\x64\Release\libcurl.pdb”中寻找)；正在链接对象，如同没有调试信息一样
libcurl.lib(hash.obj) : warning LNK4099: 未找到 PDB“libcurl.pdb”(使用“libcurl.lib(hash.obj)”或在“I:\对战平台\csgo_full\csgo-crow\CrowAntiCheat\AntiCheatLoader\x64\Release\libcurl.pdb”中寻找)；正在链接对象，如同没有调试信息一样
libcurl.lib(hmac.obj) : warning LNK4099: 未找到 PDB“libcurl.pdb”(使用“libcurl.lib(hmac.obj)”或在“I:\对战平台\csgo_full\csgo-crow\CrowAntiCheat\AntiCheatLoader\x64\Release\libcurl.pdb”中寻找)；正在链接对象，如同没有调试信息一样
libcurl.lib(hostasyn.obj) : warning LNK4099: 未找到 PDB“libcurl.pdb”(使用“libcurl.lib(hostasyn.obj)”或在“I:\对战平台\csgo_full\csgo-crow\CrowAntiCheat\AntiCheatLoader\x64\Release\libcurl.pdb”中寻找)；正在链接对象，如同没有调试信息一样
libcurl.lib(hostip.obj) : warning LNK4099: 未找到 PDB“libcurl.pdb”(使用“libcurl.lib(hostip.obj)”或在“I:\对战平台\csgo_full\csgo-crow\CrowAntiCheat\AntiCheatLoader\x64\Release\libcurl.pdb”中寻找)；正在链接对象，如同没有调试信息一样
libcurl.lib(hostip4.obj) : warning LNK4099: 未找到 PDB“libcurl.pdb”(使用“libcurl.lib(hostip4.obj)”或在“I:\对战平台\csgo_full\csgo-crow\CrowAntiCheat\AntiCheatLoader\x64\Release\libcurl.pdb”中寻找)；正在链接对象，如同没有调试信息一样
libcurl.lib(http.obj) : warning LNK4099: 未找到 PDB“libcurl.pdb”(使用“libcurl.lib(http.obj)”或在“I:\对战平台\csgo_full\csgo-crow\CrowAntiCheat\AntiCheatLoader\x64\Release\libcurl.pdb”中寻找)；正在链接对象，如同没有调试信息一样
libcurl.lib(http_chunks.obj) : warning LNK4099: 未找到 PDB“libcurl.pdb”(使用“libcurl.lib(http_chunks.obj)”或在“I:\对战平台\csgo_full\csgo-crow\CrowAntiCheat\AntiCheatLoader\x64\Release\libcurl.pdb”中寻找)；正在链接对象，如同没有调试信息一样
libcurl.lib(http_digest.obj) : warning LNK4099: 未找到 PDB“libcurl.pdb”(使用“libcurl.lib(http_digest.obj)”或在“I:\对战平台\csgo_full\csgo-crow\CrowAntiCheat\AntiCheatLoader\x64\Release\libcurl.pdb”中寻找)；正在链接对象，如同没有调试信息一样
libcurl.lib(http_proxy.obj) : warning LNK4099: 未找到 PDB“libcurl.pdb”(使用“libcurl.lib(http_proxy.obj)”或在“I:\对战平台\csgo_full\csgo-crow\CrowAntiCheat\AntiCheatLoader\x64\Release\libcurl.pdb”中寻找)；正在链接对象，如同没有调试信息一样
libcurl.lib(if2ip.obj) : warning LNK4099: 未找到 PDB“libcurl.pdb”(使用“libcurl.lib(if2ip.obj)”或在“I:\对战平台\csgo_full\csgo-crow\CrowAntiCheat\AntiCheatLoader\x64\Release\libcurl.pdb”中寻找)；正在链接对象，如同没有调试信息一样
libcurl.lib(imap.obj) : warning LNK4099: 未找到 PDB“libcurl.pdb”(使用“libcurl.lib(imap.obj)”或在“I:\对战平台\csgo_full\csgo-crow\CrowAntiCheat\AntiCheatLoader\x64\Release\libcurl.pdb”中寻找)；正在链接对象，如同没有调试信息一样
libcurl.lib(inet_ntop.obj) : warning LNK4099: 未找到 PDB“libcurl.pdb”(使用“libcurl.lib(inet_ntop.obj)”或在“I:\对战平台\csgo_full\csgo-crow\CrowAntiCheat\AntiCheatLoader\x64\Release\libcurl.pdb”中寻找)；正在链接对象，如同没有调试信息一样
libcurl.lib(inet_pton.obj) : warning LNK4099: 未找到 PDB“libcurl.pdb”(使用“libcurl.lib(inet_pton.obj)”或在“I:\对战平台\csgo_full\csgo-crow\CrowAntiCheat\AntiCheatLoader\x64\Release\libcurl.pdb”中寻找)；正在链接对象，如同没有调试信息一样
libcurl.lib(ldap.obj) : warning LNK4099: 未找到 PDB“libcurl.pdb”(使用“libcurl.lib(ldap.obj)”或在“I:\对战平台\csgo_full\csgo-crow\CrowAntiCheat\AntiCheatLoader\x64\Release\libcurl.pdb”中寻找)；正在链接对象，如同没有调试信息一样
libcurl.lib(llist.obj) : warning LNK4099: 未找到 PDB“libcurl.pdb”(使用“libcurl.lib(llist.obj)”或在“I:\对战平台\csgo_full\csgo-crow\CrowAntiCheat\AntiCheatLoader\x64\Release\libcurl.pdb”中寻找)；正在链接对象，如同没有调试信息一样
libcurl.lib(md5.obj) : warning LNK4099: 未找到 PDB“libcurl.pdb”(使用“libcurl.lib(md5.obj)”或在“I:\对战平台\csgo_full\csgo-crow\CrowAntiCheat\AntiCheatLoader\x64\Release\libcurl.pdb”中寻找)；正在链接对象，如同没有调试信息一样
libcurl.lib(mprintf.obj) : warning LNK4099: 未找到 PDB“libcurl.pdb”(使用“libcurl.lib(mprintf.obj)”或在“I:\对战平台\csgo_full\csgo-crow\CrowAntiCheat\AntiCheatLoader\x64\Release\libcurl.pdb”中寻找)；正在链接对象，如同没有调试信息一样
libcurl.lib(multi.obj) : warning LNK4099: 未找到 PDB“libcurl.pdb”(使用“libcurl.lib(multi.obj)”或在“I:\对战平台\csgo_full\csgo-crow\CrowAntiCheat\AntiCheatLoader\x64\Release\libcurl.pdb”中寻找)；正在链接对象，如同没有调试信息一样
libcurl.lib(netrc.obj) : warning LNK4099: 未找到 PDB“libcurl.pdb”(使用“libcurl.lib(netrc.obj)”或在“I:\对战平台\csgo_full\csgo-crow\CrowAntiCheat\AntiCheatLoader\x64\Release\libcurl.pdb”中寻找)；正在链接对象，如同没有调试信息一样
libcurl.lib(nonblock.obj) : warning LNK4099: 未找到 PDB“libcurl.pdb”(使用“libcurl.lib(nonblock.obj)”或在“I:\对战平台\csgo_full\csgo-crow\CrowAntiCheat\AntiCheatLoader\x64\Release\libcurl.pdb”中寻找)；正在链接对象，如同没有调试信息一样
libcurl.lib(parsedate.obj) : warning LNK4099: 未找到 PDB“libcurl.pdb”(使用“libcurl.lib(parsedate.obj)”或在“I:\对战平台\csgo_full\csgo-crow\CrowAntiCheat\AntiCheatLoader\x64\Release\libcurl.pdb”中寻找)；正在链接对象，如同没有调试信息一样
libcurl.lib(pingpong.obj) : warning LNK4099: 未找到 PDB“libcurl.pdb”(使用“libcurl.lib(pingpong.obj)”或在“I:\对战平台\csgo_full\csgo-crow\CrowAntiCheat\AntiCheatLoader\x64\Release\libcurl.pdb”中寻找)；正在链接对象，如同没有调试信息一样
libcurl.lib(pop3.obj) : warning LNK4099: 未找到 PDB“libcurl.pdb”(使用“libcurl.lib(pop3.obj)”或在“I:\对战平台\csgo_full\csgo-crow\CrowAntiCheat\AntiCheatLoader\x64\Release\libcurl.pdb”中寻找)；正在链接对象，如同没有调试信息一样
libcurl.lib(progress.obj) : warning LNK4099: 未找到 PDB“libcurl.pdb”(使用“libcurl.lib(progress.obj)”或在“I:\对战平台\csgo_full\csgo-crow\CrowAntiCheat\AntiCheatLoader\x64\Release\libcurl.pdb”中寻找)；正在链接对象，如同没有调试信息一样
libcurl.lib(rawstr.obj) : warning LNK4099: 未找到 PDB“libcurl.pdb”(使用“libcurl.lib(rawstr.obj)”或在“I:\对战平台\csgo_full\csgo-crow\CrowAntiCheat\AntiCheatLoader\x64\Release\libcurl.pdb”中寻找)；正在链接对象，如同没有调试信息一样
libcurl.lib(rtsp.obj) : warning LNK4099: 未找到 PDB“libcurl.pdb”(使用“libcurl.lib(rtsp.obj)”或在“I:\对战平台\csgo_full\csgo-crow\CrowAntiCheat\AntiCheatLoader\x64\Release\libcurl.pdb”中寻找)；正在链接对象，如同没有调试信息一样
libcurl.lib(select.obj) : warning LNK4099: 未找到 PDB“libcurl.pdb”(使用“libcurl.lib(select.obj)”或在“I:\对战平台\csgo_full\csgo-crow\CrowAntiCheat\AntiCheatLoader\x64\Release\libcurl.pdb”中寻找)；正在链接对象，如同没有调试信息一样
libcurl.lib(sendf.obj) : warning LNK4099: 未找到 PDB“libcurl.pdb”(使用“libcurl.lib(sendf.obj)”或在“I:\对战平台\csgo_full\csgo-crow\CrowAntiCheat\AntiCheatLoader\x64\Release\libcurl.pdb”中寻找)；正在链接对象，如同没有调试信息一样
libcurl.lib(share.obj) : warning LNK4099: 未找到 PDB“libcurl.pdb”(使用“libcurl.lib(share.obj)”或在“I:\对战平台\csgo_full\csgo-crow\CrowAntiCheat\AntiCheatLoader\x64\Release\libcurl.pdb”中寻找)；正在链接对象，如同没有调试信息一样
libcurl.lib(slist.obj) : warning LNK4099: 未找到 PDB“libcurl.pdb”(使用“libcurl.lib(slist.obj)”或在“I:\对战平台\csgo_full\csgo-crow\CrowAntiCheat\AntiCheatLoader\x64\Release\libcurl.pdb”中寻找)；正在链接对象，如同没有调试信息一样
libcurl.lib(smtp.obj) : warning LNK4099: 未找到 PDB“libcurl.pdb”(使用“libcurl.lib(smtp.obj)”或在“I:\对战平台\csgo_full\csgo-crow\CrowAntiCheat\AntiCheatLoader\x64\Release\libcurl.pdb”中寻找)；正在链接对象，如同没有调试信息一样
libcurl.lib(socks.obj) : warning LNK4099: 未找到 PDB“libcurl.pdb”(使用“libcurl.lib(socks.obj)”或在“I:\对战平台\csgo_full\csgo-crow\CrowAntiCheat\AntiCheatLoader\x64\Release\libcurl.pdb”中寻找)；正在链接对象，如同没有调试信息一样
libcurl.lib(speedcheck.obj) : warning LNK4099: 未找到 PDB“libcurl.pdb”(使用“libcurl.lib(speedcheck.obj)”或在“I:\对战平台\csgo_full\csgo-crow\CrowAntiCheat\AntiCheatLoader\x64\Release\libcurl.pdb”中寻找)；正在链接对象，如同没有调试信息一样
libcurl.lib(splay.obj) : warning LNK4099: 未找到 PDB“libcurl.pdb”(使用“libcurl.lib(splay.obj)”或在“I:\对战平台\csgo_full\csgo-crow\CrowAntiCheat\AntiCheatLoader\x64\Release\libcurl.pdb”中寻找)；正在链接对象，如同没有调试信息一样
libcurl.lib(sslgen.obj) : warning LNK4099: 未找到 PDB“libcurl.pdb”(使用“libcurl.lib(sslgen.obj)”或在“I:\对战平台\csgo_full\csgo-crow\CrowAntiCheat\AntiCheatLoader\x64\Release\libcurl.pdb”中寻找)；正在链接对象，如同没有调试信息一样
libcurl.lib(strequal.obj) : warning LNK4099: 未找到 PDB“libcurl.pdb”(使用“libcurl.lib(strequal.obj)”或在“I:\对战平台\csgo_full\csgo-crow\CrowAntiCheat\AntiCheatLoader\x64\Release\libcurl.pdb”中寻找)；正在链接对象，如同没有调试信息一样
libcurl.lib(strerror.obj) : warning LNK4099: 未找到 PDB“libcurl.pdb”(使用“libcurl.lib(strerror.obj)”或在“I:\对战平台\csgo_full\csgo-crow\CrowAntiCheat\AntiCheatLoader\x64\Release\libcurl.pdb”中寻找)；正在链接对象，如同没有调试信息一样
libcurl.lib(strtok.obj) : warning LNK4099: 未找到 PDB“libcurl.pdb”(使用“libcurl.lib(strtok.obj)”或在“I:\对战平台\csgo_full\csgo-crow\CrowAntiCheat\AntiCheatLoader\x64\Release\libcurl.pdb”中寻找)；正在链接对象，如同没有调试信息一样
libcurl.lib(telnet.obj) : warning LNK4099: 未找到 PDB“libcurl.pdb”(使用“libcurl.lib(telnet.obj)”或在“I:\对战平台\csgo_full\csgo-crow\CrowAntiCheat\AntiCheatLoader\x64\Release\libcurl.pdb”中寻找)；正在链接对象，如同没有调试信息一样
libcurl.lib(tftp.obj) : warning LNK4099: 未找到 PDB“libcurl.pdb”(使用“libcurl.lib(tftp.obj)”或在“I:\对战平台\csgo_full\csgo-crow\CrowAntiCheat\AntiCheatLoader\x64\Release\libcurl.pdb”中寻找)；正在链接对象，如同没有调试信息一样
libcurl.lib(timeval.obj) : warning LNK4099: 未找到 PDB“libcurl.pdb”(使用“libcurl.lib(timeval.obj)”或在“I:\对战平台\csgo_full\csgo-crow\CrowAntiCheat\AntiCheatLoader\x64\Release\libcurl.pdb”中寻找)；正在链接对象，如同没有调试信息一样
libcurl.lib(transfer.obj) : warning LNK4099: 未找到 PDB“libcurl.pdb”(使用“libcurl.lib(transfer.obj)”或在“I:\对战平台\csgo_full\csgo-crow\CrowAntiCheat\AntiCheatLoader\x64\Release\libcurl.pdb”中寻找)；正在链接对象，如同没有调试信息一样
libcurl.lib(url.obj) : warning LNK4099: 未找到 PDB“libcurl.pdb”(使用“libcurl.lib(url.obj)”或在“I:\对战平台\csgo_full\csgo-crow\CrowAntiCheat\AntiCheatLoader\x64\Release\libcurl.pdb”中寻找)；正在链接对象，如同没有调试信息一样
libcurl.lib(warnless.obj) : warning LNK4099: 未找到 PDB“libcurl.pdb”(使用“libcurl.lib(warnless.obj)”或在“I:\对战平台\csgo_full\csgo-crow\CrowAntiCheat\AntiCheatLoader\x64\Release\libcurl.pdb”中寻找)；正在链接对象，如同没有调试信息一样
libcurl.lib(wildcard.obj) : warning LNK4099: 未找到 PDB“libcurl.pdb”(使用“libcurl.lib(wildcard.obj)”或在“I:\对战平台\csgo_full\csgo-crow\CrowAntiCheat\AntiCheatLoader\x64\Release\libcurl.pdb”中寻找)；正在链接对象，如同没有调试信息一样
  AntiCheatLoader.vcxproj -> I:\对战平台\csgo_full\csgo-crow\CrowAntiCheat\AntiCheatLoader\x64\Release\AntiCheatLoader.exe
